<?xml version="1.0" encoding="UTF-8"?>
<!-- Generated by org.testng.reporters.JUnitXMLReporter -->
<testsuite hostname="DESKTOP-UCM99CO" ignored="0" name="ChromeTest" tests="7" failures="1" timestamp="2022-04-15T14:21:20 IST" time="42.23" errors="0">
  <testcase name="LogInFunctionality" time="0.429" classname="com.sauceDemo.TestClasses.TC01loginFunctionality"/>
  <testcase name="CartContainerClick" time="1.185" classname="com.sauceDemo.TestClasses.TC06CartContainerClick"/>
  <testcase name="FilterFunctionality" time="1.424" classname="com.sauceDemo.TestClasses.TC05FilterFunctionality"/>
  <testcase name="Checkout1Functionality" time="1.605" classname="com.sauceDemo.TestClasses.TC07Checkout1Functionality"/>
  <testcase name="AddToCartMutipleElement" time="0.318" classname="com.sauceDemo.TestClasses.Tc04AddToCartMutipleElement"/>
  <testcase name="AddToCartSingleElement" time="0.149" classname="com.sauceDemo.TestClasses.TC03AddToCartSingleElement">
    <failure type="java.lang.AssertionError" message="Fail to Add to cart product expected [REMOVE] but found [Open Menu]">
      <![CDATA[java.lang.AssertionError: Fail to Add to cart product expected [REMOVE] but found [Open Menu]
at com.sauceDemo.TestClasses.TC03AddToCartSingleElement.AddToCartSingleElement(TC03AddToCartSingleElement.java:30)
at java.util.concurrent.ThreadPoolExecutor.runWorker(Unknown Source)
at java.util.concurrent.ThreadPoolExecutor$Worker.run(Unknown Source)
at java.lang.Thread.run(Unknown Source)
... Removed 17 stack frames]]>
    </failure>
  </testcase> <!-- AddToCartSingleElement -->
  <testcase name="SelectFunctionality" time="0.13" classname="com.sauceDemo.TestClasses.Tc02SelectFunctionality"/>
</testsuite> <!-- ChromeTest -->
